// *** Rive Program *** : Generated at: 28/09/19 17:11:16 

// >>> Trigger Block 
+ hello world 

// >>> Response Block 
- hello there 

// >>> Trigger Block 
+ hi you do paw 

// >>> Response Block 
- only god knows how 

// >>> Response Block 
- 666 is my secret 

// >>> Trigger Block 
+ 2 plus 2 is # 

// >>> Response Block 
- <star1> is right 

// >>> Response Block 
- 4 

// >>> Trigger Block 
+ your name is * 

// >>> Response Block 
- Ok . I am {formal}<star1>{/formal}

// >>> Trigger Block 
+ {weight=20} * is * 

// >>> Response Block 
- Yes . <star1> is <star2> 

// >>> Response Block 
- 2 stars for u 
